[1121/124539.774:ERROR:directory_reader_win.cc(43)] FindFirstFile: El sistema no puede encontrar la ruta especificada. (0x3)
[1121/173258.969:ERROR:directory_reader_win.cc(43)] FindFirstFile: El sistema no puede encontrar la ruta especificada. (0x3)
[1121/192303.896:ERROR:process_reader_win.cc(151)] SuspendThread: Acceso denegado. (0x5)
[1121/192303.897:ERROR:process_reader_win.cc(151)] SuspendThread: Acceso denegado. (0x5)
[1121/192303.897:ERROR:process_reader_win.cc(151)] SuspendThread: Acceso denegado. (0x5)
[1121/192303.897:ERROR:process_reader_win.cc(123)] NtOpenThread: {Acceso denegado} Un proceso ha solicitado acceso a un objeto, pero no se le han concedido esos derechos de acceso. (0xc0000022)
[1121/192303.900:ERROR:exception_snapshot_win.cc(99)] thread ID 19084 not found in process
[1121/192303.952:ERROR:process_reader_win.cc(151)] SuspendThread: Acceso denegado. (0x5)
[1121/192303.952:ERROR:process_reader_win.cc(151)] SuspendThread: Acceso denegado. (0x5)
[1121/192303.952:ERROR:process_reader_win.cc(151)] SuspendThread: Acceso denegado. (0x5)
[1121/192303.952:ERROR:process_reader_win.cc(151)] SuspendThread: Acceso denegado. (0x5)
[1121/192303.952:ERROR:process_reader_win.cc(151)] SuspendThread: Acceso denegado. (0x5)
[1121/192303.952:ERROR:process_reader_win.cc(123)] NtOpenThread: {Acceso denegado} Un proceso ha solicitado acceso a un objeto, pero no se le han concedido esos derechos de acceso. (0xc0000022)
[1121/192303.952:ERROR:exception_snapshot_win.cc(99)] thread ID 19104 not found in process
[1121/192304.058:ERROR:process_reader_win.cc(151)] SuspendThread: Acceso denegado. (0x5)
[1121/192304.058:ERROR:process_reader_win.cc(151)] SuspendThread: Acceso denegado. (0x5)
[1121/192304.058:ERROR:process_reader_win.cc(151)] SuspendThread: Acceso denegado. (0x5)
[1121/192304.058:ERROR:process_reader_win.cc(123)] NtOpenThread: {Acceso denegado} Un proceso ha solicitado acceso a un objeto, pero no se le han concedido esos derechos de acceso. (0xc0000022)
[1121/192304.059:ERROR:exception_snapshot_win.cc(99)] thread ID 19100 not found in process
[1121/193917.543:ERROR:directory_reader_win.cc(43)] FindFirstFile: El sistema no puede encontrar la ruta especificada. (0x3)
[1121/211023.285:ERROR:file_io.cc(90)] ReadExactly: expected 36, observed 0
[1121/212009.645:ERROR:directory_reader_win.cc(43)] FindFirstFile: El sistema no puede encontrar la ruta especificada. (0x3)
[1122/003122.774:ERROR:directory_reader_win.cc(43)] FindFirstFile: El sistema no puede encontrar la ruta especificada. (0x3)
[1122/134747.138:ERROR:directory_reader_win.cc(43)] FindFirstFile: El sistema no puede encontrar la ruta especificada. (0x3)
[1122/203303.189:ERROR:directory_reader_win.cc(43)] FindFirstFile: El sistema no puede encontrar la ruta especificada. (0x3)
[1123/010824.598:ERROR:directory_reader_win.cc(43)] FindFirstFile: El sistema no puede encontrar la ruta especificada. (0x3)
[1124/011829.791:ERROR:directory_reader_win.cc(43)] FindFirstFile: El sistema no puede encontrar la ruta especificada. (0x3)
[1124/110219.593:ERROR:directory_reader_win.cc(43)] FindFirstFile: El sistema no puede encontrar la ruta especificada. (0x3)
[1124/175849.512:ERROR:directory_reader_win.cc(43)] FindFirstFile: El sistema no puede encontrar la ruta especificada. (0x3)
